<?xml version="1.0" encoding="utf-8" standalone="no"?>
<!--This file represents the results of running a test suite-->
<test-results name="C:\Dev\CK-Core-Projects\CK-Reflection\Tests\CK.Reflection.Tests\bin\Debug\net461\CK.Reflection.Tests.exe" total="29" errors="0" failures="0" not-run="0" inconclusive="0" ignored="0" skipped="0" invalid="0" date="2017-09-13" time="15:41:28">
  <environment nunit-version="2.6.4.14350" clr-version="4.0.30319.42000" os-version="Microsoft Windows NT 6.2.9200.0" platform="Win32NT" cwd="C:\Dev\CK-Core-Projects\CK-Reflection" machine-name="DESKTOP-5BQ4M95" user="olivi" user-domain="DESKTOP-5BQ4M95" />
  <culture-info current-culture="fr-FR" current-uiculture="fr-FR" />
  <test-suite type="Assembly" name="C:\Dev\CK-Core-Projects\CK-Reflection\Tests\CK.Reflection.Tests\bin\Debug\net461\CK.Reflection.Tests.exe" executed="True" result="Success" success="True" time="0.597" asserts="0">
    <results>
      <test-suite type="Namespace" name="CK" executed="True" result="Success" success="True" time="0.589" asserts="0">
        <results>
          <test-suite type="Namespace" name="Reflection" executed="True" result="Success" success="True" time="0.589" asserts="0">
            <results>
              <test-suite type="Namespace" name="Tests" executed="True" result="Success" success="True" time="0.588" asserts="0">
                <results>
                  <test-suite type="TestFixture" name="AttributesBehaviorTests" executed="True" result="Success" success="True" time="0.104" asserts="0">
                    <results>
                      <test-case name="CK.Reflection.Tests.AttributesBehaviorTests.CreatedEachTimeGetCustomAttributesIsCalled" executed="True" result="Success" success="True" time="0.090" asserts="0" />
                      <test-case name="CK.Reflection.Tests.AttributesBehaviorTests.WorksWithAbstractions" executed="True" result="Success" success="True" time="0.004" asserts="0" />
                    </results>
                  </test-suite>
                  <test-suite type="TestFixture" name="AutoImplementorTests" executed="True" result="Success" success="True" time="0.364" asserts="0">
                    <results>
                      <test-case name="CK.Reflection.Tests.AutoImplementorTests.AutoImplementGenericMethod" executed="True" result="Success" success="True" time="0.094" asserts="0" />
                      <test-case name="CK.Reflection.Tests.AutoImplementorTests.AutoImplementStub_can_force_setter_impl" executed="True" result="Success" success="True" time="0.004" asserts="0" />
                      <test-case name="CK.Reflection.Tests.AutoImplementorTests.AutoImplementStubForNonVirtualPropertyIsStupid" executed="True" result="Success" success="True" time="0.001" asserts="0" />
                      <test-case name="CK.Reflection.Tests.AutoImplementorTests.AutoImplementStubForVirtualPropertyActuallyReplacesIt" executed="True" result="Success" success="True" time="0.001" asserts="0" />
                      <test-case name="CK.Reflection.Tests.AutoImplementorTests.AutoImplementStubOutClass" executed="True" result="Success" success="True" time="0.004" asserts="0" />
                      <test-case name="CK.Reflection.Tests.AutoImplementorTests.AutoImplementStubOutGuid" executed="True" result="Success" success="True" time="0.002" asserts="0" />
                      <test-case name="CK.Reflection.Tests.AutoImplementorTests.AutoImplementStubOutInt" executed="True" result="Success" success="True" time="0.001" asserts="0" />
                      <test-case name="CK.Reflection.Tests.AutoImplementorTests.AutoImplementStubProperty" executed="True" result="Success" success="True" time="0.003" asserts="0" />
                      <test-case name="CK.Reflection.Tests.AutoImplementorTests.AutoImplementStubRefClass" executed="True" result="Success" success="True" time="0.002" asserts="0" />
                      <test-case name="CK.Reflection.Tests.AutoImplementorTests.AutoImplementStubRefGuid" executed="True" result="Success" success="True" time="0.001" asserts="0" />
                      <test-case name="CK.Reflection.Tests.AutoImplementorTests.AutoImplementStubRefInt" executed="True" result="Success" success="True" time="0.001" asserts="0" />
                      <test-case name="CK.Reflection.Tests.AutoImplementorTests.AutoImplementStubReturnsClassAndProtected" executed="True" result="Success" success="True" time="0.002" asserts="0" />
                      <test-case name="CK.Reflection.Tests.AutoImplementorTests.AutoImplementStubReturnsGuid" executed="True" result="Success" success="True" time="0.001" asserts="0" />
                      <test-case name="CK.Reflection.Tests.AutoImplementorTests.AutoImplementStubReturnsInt" executed="True" result="Success" success="True" time="0.001" asserts="0" />
                      <test-case name="CK.Reflection.Tests.AutoImplementorTests.AutoImplementStubReturnsShort" executed="True" result="Success" success="True" time="0.002" asserts="0" />
                      <test-case name="CK.Reflection.Tests.AutoImplementorTests.ImplementOutParameters" executed="True" result="Success" success="True" time="0.002" asserts="0" />
                      <test-case name="CK.Reflection.Tests.AutoImplementorTests.PassThroughConstructors" executed="True" result="Success" success="True" time="0.233" asserts="0" />
                    </results>
                  </test-suite>
                  <test-suite type="TestFixture" name="HelperTest" executed="True" result="Success" success="True" time="0.088" asserts="0">
                    <results>
                      <test-case name="CK.Reflection.Tests.HelperTest.ExplicitImplementation" executed="True" result="Success" success="True" time="0.010" asserts="0" />
                      <test-case name="CK.Reflection.Tests.HelperTest.FlattenProperties" executed="True" result="Success" success="True" time="0.020" asserts="0" />
                      <test-case name="CK.Reflection.Tests.HelperTest.Parameters" executed="True" result="Success" success="True" time="0.002" asserts="0" />
                      <test-case name="CK.Reflection.Tests.HelperTest.PropertyInfoThroughLambda" executed="True" result="Success" success="True" time="0.048" asserts="0" />
                      <test-case name="CK.Reflection.Tests.HelperTest.PropertyInheritanceAndAttributes" executed="True" result="Success" success="True" time="0.001" asserts="0" />
                      <test-case name="CK.Reflection.Tests.HelperTest.PropertySetter" executed="True" result="Success" success="True" time="0.005" asserts="0" />
                    </results>
                  </test-suite>
                  <test-suite type="TestFixture" name="ObjectAndType" executed="True" result="Success" success="True" time="0.022" asserts="0">
                    <results>
                      <test-case name="CK.Reflection.Tests.ObjectAndType.InstanceInvoker" executed="True" result="Success" success="True" time="0.011" asserts="0" />
                      <test-case name="CK.Reflection.Tests.ObjectAndType.NonVirtualInstanceInvoker" executed="True" result="Success" success="True" time="0.007" asserts="0" />
                      <test-case name="CK.Reflection.Tests.ObjectAndType.StaticInvoker" executed="True" result="Success" success="True" time="0.003" asserts="0" />
                    </results>
                  </test-suite>
                  <test-suite type="TestFixture" name="TypeMatches" executed="True" result="Success" success="True" time="0.005" asserts="0">
                    <results>
                      <test-case name="CK.Reflection.Tests.TypeMatches.TestCovarianceMatch" executed="True" result="Success" success="True" time="0.005" asserts="0" />
                    </results>
                  </test-suite>
                </results>
              </test-suite>
            </results>
          </test-suite>
        </results>
      </test-suite>
    </results>
  </test-suite>
</test-results>